pipewire
pipewire-alsa
pipewire-audio
pipewire-jack
pipewire-pulse
gst-plugin-pipewire
wireplumber
networkmanager
network-manager-applet
bluez
bluez-utils
blueman
qt5-quickcontrols
qt5-quickcontrols2
qt5-graphicaleffects
rofi-lbonn-wayland-git
waybar
swww
swaylock-effects-git
wlogout
grimblast-git
slurp
swappy
cliphist
polkit-kde-agent
pacman-contrib
python-pyamdgpuinfo
parallel
jq
imagemagick
qt5-imageformats
ffmpegthumbs
kde-cli-tools
brightnessctl
pavucontrol
pamixer
nwg-look
kvantum
qt5ct
neofetch
vim
ark
zsh
eza
oh-my-zsh-git
zsh-theme-powerlevel10k-git
